<?xml version='1.0' encoding='UTF-8'?>
<testsuite hostname="VPCEA12EN" name="org.GameOfLife.unit.BoardTest" tests="1" errors="0" failures="0" skipped="0" time="0.047">
                     <properties>
[...]
</properties>
                     <testcase classname="org.GameOfLife.unit.BoardTest" name="setCell/getPopulation/display" time="0.047">
                                                 
                                               </testcase>
                     <system-out></system-out>
                     <system-err></system-err>
                   </testsuite>